<?xml version="1.0" encoding="UTF-8"?>
<!-- Generated by org.testng.reporters.JUnitXMLReporter -->
<testsuite hostname="SHRUJIND-IN" ignored="0" name="PicsartTest" tests="3" failures="2" timestamp="02 Dec 2021 12:16:31 GMT" time="41.873" errors="0">
  <testcase name="clickCreateTest" time="19.193" classname="com.org.picsartapp.Test.LoginLogoutTest"/>
  <testcase name="clickLinkTest" time="2.365" classname="com.org.picsartapp.Test.LinkAndSearchTest">
    <failure type="java.lang.AssertionError" message="expected [https://picsart.com/blog] but found [https://picsart.com/explore]">
      <![CDATA[java.lang.AssertionError: expected [https://picsart.com/blog] but found [https://picsart.com/explore]
at com.org.picsartapp.Test.LinkAndSearchTest.clickLinkTest(LinkAndSearchTest.java:44)
... Removed 31 stack frames]]>
    </failure>
  </testcase> <!-- clickLinkTest -->
  <testcase name="serachCategory" time="4.399" classname="com.org.picsartapp.Test.LinkAndSearchTest">
    <failure type="java.lang.AssertionError" message="expected [https://picsart.com/blog/category/news] but found [https://picsart.com/explore]">
      <![CDATA[java.lang.AssertionError: expected [https://picsart.com/blog/category/news] but found [https://picsart.com/explore]
at com.org.picsartapp.Test.LinkAndSearchTest.serachCategory(LinkAndSearchTest.java:75)
... Removed 31 stack frames]]>
    </failure>
  </testcase> <!-- serachCategory -->
</testsuite> <!-- PicsartTest -->
