<?xml version="1.0" encoding="UTF-8"?>
<!-- Generated by org.testng.reporters.JUnitXMLReporter -->
<testsuite hostname="SHRUJIND-IN" ignored="0" name="Command line test" tests="4" failures="2" timestamp="2021-12-02T17:59:23 IST" time="49.249" errors="0">
  <testcase name="photoEditorSchemaTest" time="5.367" classname="com.org.picsartapp.Test.JsonSchemaValidatorTest"/>
  <testcase name="clickLinkTest" time="2.561" classname="com.org.picsartapp.Test.LinkAndSearchTest">
    <failure type="java.lang.AssertionError" message="expected [https://picsart.com/blog] but found [https://picsart.com/]">
      <![CDATA[java.lang.AssertionError: expected [https://picsart.com/blog] but found [https://picsart.com/]
at com.org.picsartapp.Test.LinkAndSearchTest.clickLinkTest(LinkAndSearchTest.java:44)
at java.util.ArrayList.forEach(ArrayList.java:1259)
... Removed 43 stack frames]]>
    </failure>
  </testcase> <!-- clickLinkTest -->
  <testcase name="serachCategory" time="4.38" classname="com.org.picsartapp.Test.LinkAndSearchTest">
    <failure type="java.lang.AssertionError" message="expected [https://picsart.com/blog/category/news] but found [https://picsart.com/]">
      <![CDATA[java.lang.AssertionError: expected [https://picsart.com/blog/category/news] but found [https://picsart.com/]
at com.org.picsartapp.Test.LinkAndSearchTest.serachCategory(LinkAndSearchTest.java:75)
at java.util.ArrayList.forEach(ArrayList.java:1259)
... Removed 43 stack frames]]>
    </failure>
  </testcase> <!-- serachCategory -->
  <testcase name="clickCreateTest" time="18.64" classname="com.org.picsartapp.Test.LoginLogoutTest"/>
</testsuite> <!-- Command line test -->
